<?xml version="1.0" encoding="UTF-8"?>
<persistence 
    xmlns="http://java.sun.com/xml/ns/persistence"
    xmlns:xsi="http://www.w3.org/2001/XMLSchema-instance"
    xsi:schemaLocation="http://java.sun.com/xml/ns/persistence 
    http://java.sun.com/xml/ns/persistence/persistence_1_0.xsd"
    version="1.0">
    
    <!-- 
    Oracle test persistence unit
    -->
	<persistence-unit name="FStoreOracleSQLPersistenceUnit" transaction-type="RESOURCE_LOCAL">
    
		<provider>org.hibernate.ejb.HibernatePersistence</provider>
		
		<!-- core models -->
      	<class>org.lenzi.fstore.core.repository.model.impl.FSNode</class>
      	<class>org.lenzi.fstore.core.repository.model.impl.FSClosure</class>
      	<class>org.lenzi.fstore.core.repository.model.impl.FSPrune</class>
      	<class>org.lenzi.fstore.core.repository.model.impl.FSTree</class>
      	
      	<!-- test models -->
      	<class>org.lenzi.fstore.example.repository.model.impl.FSTestNode</class>
      	
      	<!-- file 2 test models -->
      	<class>org.lenzi.fstore.file2.repository.model.impl.FsPathResource</class>
      	<class>org.lenzi.fstore.file2.repository.model.impl.FsDirectoryResource</class>
      	<class>org.lenzi.fstore.file2.repository.model.impl.FsFileMetaResource</class>
      	<class>org.lenzi.fstore.file2.repository.model.impl.FsFileResource</class>
      	<class>org.lenzi.fstore.file2.repository.model.impl.FsResourceStore</class>
      	
      	<!--  cms models -->
      	<class>org.lenzi.fstore.cms.repository.model.impl.FsCmsSite</class>     				      	
    
        <properties>
        	
        	<property name="hibernate.dialect" value="org.hibernate.dialect.Oracle10gDialect"/>
        	<!--
        	<property name="hibernate.hbm2ddl.auto" value="validate"/>
        	-->
            <property name="hibernate.connection.driver_class" value="oracle.jdbc.driver.OracleDriver"/>
            <property name="hibernate.connection.username" value="ecoguser"/>
            <property name="hibernate.connection.password" value="*****"/>
            <!-- specify default schema so you don't have to hard code schema on each entity  -->
            <property name="hibernate.default_schema" value="ecoguser"/>
            <property name="hibernate.connection.url" value="jdbc:oracle:thin:@ecog1.dfci.harvard.edu:1511:ecogtst"/>
            
            <!-- Turn off autodetection of class and hbm files (default to class,hbm) -->
            <!--
            <property name="hibernate.archive.autodetection" value=""/>
            -->
            
            <!-- 
            Needed for oracle. meta data is not supported!
            -->
            <property name="hibernate.temp.use_jdbc_metadata_defaults" value="false"/>
            
            <property name="hibernate.show_sql" value="false"/>
            <property name="hibernate.format_sql" value="true"/>
            
            <property name="hibernate.jdbc.batch_size" value="25"/>
                 
        </properties>
        
	</persistence-unit>   
    
</persistence>