<?xml version="1.0" encoding="UTF-8"?>
<persistence 
    xmlns="http://java.sun.com/xml/ns/persistence"
    xmlns:xsi="http://www.w3.org/2001/XMLSchema-instance"
    xsi:schemaLocation="http://java.sun.com/xml/ns/persistence 
    http://java.sun.com/xml/ns/persistence/persistence_1_0.xsd"
    version="1.0">
    
    <!-- 
    Oracle test persistence unit
    -->
	<persistence-unit name="FStoreOracleSQLPersistenceUnit" transaction-type="RESOURCE_LOCAL">
    
		<provider>org.hibernate.ejb.HibernatePersistence</provider>
		
		<!-- core models -->
      	<class>org.lenzi.fstore.core.repository.tree.model.impl.FSNode</class>
      	<class>org.lenzi.fstore.core.repository.tree.model.impl.FSClosure</class>
      	<class>org.lenzi.fstore.core.repository.tree.model.impl.FSPrune</class>
      	<class>org.lenzi.fstore.core.repository.tree.model.impl.FSTree</class>
      	<class>org.lenzi.fstore.core.repository.security.model.impl.FsUser</class>
      	<class>org.lenzi.fstore.core.repository.security.model.impl.FsUserGroup</class>
      	<class>org.lenzi.fstore.core.repository.security.model.impl.FsUserRole</class>
      	
      	<!-- test models -->
      	<class>org.lenzi.fstore.example.repository.model.impl.FSTestNode</class>
      	
      	<!-- file 2 test models -->
      	<class>org.lenzi.fstore.file2.repository.model.impl.FsPathResource</class>
      	<class>org.lenzi.fstore.file2.repository.model.impl.FsDirectoryResource</class>
      	<class>org.lenzi.fstore.file2.repository.model.impl.FsFileMetaResource</class>
      	<class>org.lenzi.fstore.file2.repository.model.impl.FsFileResource</class>
      	<class>org.lenzi.fstore.file2.repository.model.impl.FsResourceStore</class>
      	
      	<!--  cms models -->
      	<class>org.lenzi.fstore.cms.repository.model.impl.FsCmsSite</class>     				      	
    
        <properties>
        	
        	<property name="hibernate.dialect" value="@test.hibernate.dialect@"/>
        	<!--
        	<property name="hibernate.hbm2ddl.auto" value="validate"/>
        	-->
            <property name="hibernate.connection.driver_class" value="@test.hibernate.driver@"/>
            <property name="hibernate.connection.username" value="@test.database.user@"/>
            <property name="hibernate.connection.password" value="@test.database.password@"/>
            <!-- specify default schema so you don't have to hard code schema on each entity  -->
            <property name="hibernate.default_schema" value="@hibernate.default_schema@"/>
            <property name="hibernate.connection.url" value="@test.database.url@"/>
            
            <!-- Turn off autodetection of class and hbm files (default to class,hbm) -->
            <!--
            <property name="hibernate.archive.autodetection" value=""/>
            -->
            
            <!-- 
            Needed for oracle. meta data is not supported!
            -->
            <property name="hibernate.temp.use_jdbc_metadata_defaults" value="@test.hibernate.temp.use_jdbc_metadata_defaults@"/>
            
            <property name="hibernate.show_sql" value="@test.hibernate.show_sql@"/>
            <property name="hibernate.format_sql" value="@test.hibernate.format_sql@"/>
            
            <property name="hibernate.jdbc.batch_size" value="@test.hibernate.jdbc.batch_size@"/>
                 
        </properties>
        
	</persistence-unit>   
    
</persistence>